loopit/android/app/build/intermediates/manifest_merge_blame_file/debug/manifest-merger-blame-debug-report.txt
1<?xml version="1.0" encoding="utf-8"?>
2<manifest xmlns:android="http://schemas.android.com/apk/res/android"
3    package="com.example.loopit"
4    android:versionCode="1"
5    android:versionName="1.0.0" >
6
7    <uses-sdk
8        android:minSdkVersion="21"
9        android:targetSdkVersion="35" />
10    <!--
11         The INTERNET permission is required for development. Specifically,
12         the Flutter tool needs it to communicate with the running application
13         to allow setting breakpoints, to provide hot reload, etc.
14    -->
15    <uses-permission android:name="android.permission.INTERNET" />
15-->src\debug\AndroidManifest.xml:6:5-66
15-->src\debug\AndroidManifest.xml:6:22-64
16    <!--
17     Required to query activities that can process text, see:
18         https://developer.android.com/training/package-visibility and
19         https://developer.android.com/reference/android/content/Intent#ACTION_PROCESS_TEXT.
20
21         In particular, this is used by the Flutter engine in io.flutter.plugin.text.ProcessTextPlugin.
22    -->
23    <queries>
23-->src\main\AndroidManifest.xml:44:5-49:15
24        <intent>
24-->src\main\AndroidManifest.xml:45:9-48:18
25            <action android:name="android.intent.action.PROCESS_TEXT" />
25-->src\main\AndroidManifest.xml:46:13-72
25-->src\main\AndroidManifest.xml:46:21-70
26
27            <data android:mimeType="text/plain" />
27-->src\main\AndroidManifest.xml:47:13-50
27-->src\main\AndroidManifest.xml:47:19-48
28        </intent>
29        <!-- Needs to be explicitly declared on Android R+ -->
30        <package android:name="com.google.android.apps.maps" />
30-->[com.google.android.gms:play-services-maps:18.2.0] AndroidManifest.xml:33:9-64
30-->[com.google.android.gms:play-services-maps:18.2.0] AndroidManifest.xml:33:18-61
31    </queries> <!-- Include required permissions for Google Maps API to run. -->
32    <uses-permission android:name="android.permission.ACCESS_NETWORK_STATE" />
32-->[com.google.android.gms:play-services-maps:18.2.0] AndroidManifest.xml:23:5-79
32-->[com.google.android.gms:play-services-maps:18.2.0] AndroidManifest.xml:23:22-76
33
34    <uses-feature
34-->[com.google.android.gms:play-services-maps:18.2.0] AndroidManifest.xml:26:5-28:35
35        android:glEsVersion="0x00020000"
35-->[com.google.android.gms:play-services-maps:18.2.0] AndroidManifest.xml:27:9-41
36        android:required="true" />
36-->[com.google.android.gms:play-services-maps:18.2.0] AndroidManifest.xml:28:9-32
37
38    <permission
38-->[androidx.core:core:1.13.1] AndroidManifest.xml:22:5-24:47
39        android:name="com.example.loopit.DYNAMIC_RECEIVER_NOT_EXPORTED_PERMISSION"
39-->[androidx.core:core:1.13.1] AndroidManifest.xml:23:9-81
40        android:protectionLevel="signature" />
40-->[androidx.core:core:1.13.1] AndroidManifest.xml:24:9-44
41
42    <uses-permission android:name="com.example.loopit.DYNAMIC_RECEIVER_NOT_EXPORTED_PERMISSION" />
42-->[androidx.core:core:1.13.1] AndroidManifest.xml:26:5-97
42-->[androidx.core:core:1.13.1] AndroidManifest.xml:26:22-94
43
44    <application
45        android:name="android.app.Application"
46        android:appComponentFactory="androidx.core.app.CoreComponentFactory"
46-->[androidx.core:core:1.13.1] AndroidManifest.xml:28:18-86
47        android:debuggable="true"
48        android:extractNativeLibs="true"
49        android:icon="@mipmap/ic_launcher"
50        android:label="loopit" >
51        <activity
52            android:name="com.example.loopit.MainActivity"
53            android:configChanges="orientation|keyboardHidden|keyboard|screenSize|smallestScreenSize|locale|layoutDirection|fontScale|screenLayout|density|uiMode"
54            android:exported="true"
55            android:hardwareAccelerated="true"
56            android:launchMode="singleTop"
57            android:taskAffinity=""
58            android:theme="@style/LaunchTheme"
59            android:windowSoftInputMode="adjustResize" >
60
61            <!--
62                 Specifies an Android theme to apply to this Activity as soon as
63                 the Android process has started. This theme is visible to the user
64                 while the Flutter UI initializes. After that, this theme continues
65                 to determine the Window background behind the Flutter UI.
66            -->
67            <meta-data
68                android:name="io.flutter.embedding.android.NormalTheme"
69                android:resource="@style/NormalTheme" />
70
71            <intent-filter>
72                <action android:name="android.intent.action.MAIN" />
73
74                <category android:name="android.intent.category.LAUNCHER" />
75            </intent-filter>
76        </activity>
77        <!--
78             Don't delete the meta-data below.
79             This is used by the Flutter tool to generate GeneratedPluginRegistrant.java
80        -->
81        <meta-data
82            android:name="flutterEmbedding"
83            android:value="2" />
84        <meta-data
85            android:name="com.google.android.geo.API_KEY"
86            android:value="YOUR_API_KEY_HERE" />
87
88        <provider
88-->[:image_picker_android] AndroidManifest.xml:9:9-17:20
89            android:name="io.flutter.plugins.imagepicker.ImagePickerFileProvider"
89-->[:image_picker_android] AndroidManifest.xml:10:13-82
90            android:authorities="com.example.loopit.flutter.image_provider"
90-->[:image_picker_android] AndroidManifest.xml:11:13-74
91            android:exported="false"
91-->[:image_picker_android] AndroidManifest.xml:12:13-37
92            android:grantUriPermissions="true" >
92-->[:image_picker_android] AndroidManifest.xml:13:13-47
93            <meta-data
93-->[:image_picker_android] AndroidManifest.xml:14:13-16:75
94                android:name="android.support.FILE_PROVIDER_PATHS"
94-->[:image_picker_android] AndroidManifest.xml:15:17-67
95                android:resource="@xml/flutter_image_picker_file_paths" />
95-->[:image_picker_android] AndroidManifest.xml:16:17-72
96        </provider> <!-- Trigger Google Play services to install the backported photo picker module. -->
97        <service
97-->[:image_picker_android] AndroidManifest.xml:19:9-31:19
98            android:name="com.google.android.gms.metadata.ModuleDependencies"
98-->[:image_picker_android] AndroidManifest.xml:20:13-78
99            android:enabled="false"
99-->[:image_picker_android] AndroidManifest.xml:21:13-36
100            android:exported="false" >
100-->[:image_picker_android] AndroidManifest.xml:22:13-37
101            <intent-filter>
101-->[:image_picker_android] AndroidManifest.xml:24:13-26:29
102                <action android:name="com.google.android.gms.metadata.MODULE_DEPENDENCIES" />
102-->[:image_picker_android] AndroidManifest.xml:25:17-94
102-->[:image_picker_android] AndroidManifest.xml:25:25-91
103            </intent-filter>
104
105            <meta-data
105-->[:image_picker_android] AndroidManifest.xml:28:13-30:36
106                android:name="photopicker_activity:0:required"
106-->[:image_picker_android] AndroidManifest.xml:29:17-63
107                android:value="" />
107-->[:image_picker_android] AndroidManifest.xml:30:17-33
108        </service> <!-- Needs to be explicitly declared on P+ -->
109        <uses-library
109-->[com.google.android.gms:play-services-maps:18.2.0] AndroidManifest.xml:39:9-41:40
110            android:name="org.apache.http.legacy"
110-->[com.google.android.gms:play-services-maps:18.2.0] AndroidManifest.xml:40:13-50
111            android:required="false" />
111-->[com.google.android.gms:play-services-maps:18.2.0] AndroidManifest.xml:41:13-37
112
113        <activity
113-->[com.google.android.gms:play-services-base:18.0.1] AndroidManifest.xml:20:9-22:45
114            android:name="com.google.android.gms.common.api.GoogleApiActivity"
114-->[com.google.android.gms:play-services-base:18.0.1] AndroidManifest.xml:20:19-85
115            android:exported="false"
115-->[com.google.android.gms:play-services-base:18.0.1] AndroidManifest.xml:22:19-43
116            android:theme="@android:style/Theme.Translucent.NoTitleBar" />
116-->[com.google.android.gms:play-services-base:18.0.1] AndroidManifest.xml:21:19-78
117
118        <meta-data
118-->[com.google.android.gms:play-services-basement:18.0.0] AndroidManifest.xml:21:9-23:69
119            android:name="com.google.android.gms.version"
119-->[com.google.android.gms:play-services-basement:18.0.0] AndroidManifest.xml:22:13-58
120            android:value="@integer/google_play_services_version" />
120-->[com.google.android.gms:play-services-basement:18.0.0] AndroidManifest.xml:23:13-66
121
122        <uses-library
122-->[androidx.window:window:1.2.0] AndroidManifest.xml:23:9-25:40
123            android:name="androidx.window.extensions"
123-->[androidx.window:window:1.2.0] AndroidManifest.xml:24:13-54
124            android:required="false" />
124-->[androidx.window:window:1.2.0] AndroidManifest.xml:25:13-37
125        <uses-library
125-->[androidx.window:window:1.2.0] AndroidManifest.xml:26:9-28:40
126            android:name="androidx.window.sidecar"
126-->[androidx.window:window:1.2.0] AndroidManifest.xml:27:13-51
127            android:required="false" />
127-->[androidx.window:window:1.2.0] AndroidManifest.xml:28:13-37
128
129        <provider
129-->[androidx.lifecycle:lifecycle-process:2.7.0] AndroidManifest.xml:24:9-32:20
130            android:name="androidx.startup.InitializationProvider"
130-->[androidx.lifecycle:lifecycle-process:2.7.0] AndroidManifest.xml:25:13-67
131            android:authorities="com.example.loopit.androidx-startup"
131-->[androidx.lifecycle:lifecycle-process:2.7.0] AndroidManifest.xml:26:13-68
132            android:exported="false" >
132-->[androidx.lifecycle:lifecycle-process:2.7.0] AndroidManifest.xml:27:13-37
133            <meta-data
133-->[androidx.lifecycle:lifecycle-process:2.7.0] AndroidManifest.xml:29:13-31:52
134                android:name="androidx.lifecycle.ProcessLifecycleInitializer"
134-->[androidx.lifecycle:lifecycle-process:2.7.0] AndroidManifest.xml:30:17-78
135                android:value="androidx.startup" />
135-->[androidx.lifecycle:lifecycle-process:2.7.0] AndroidManifest.xml:31:17-49
136            <meta-data
136-->[androidx.profileinstaller:profileinstaller:1.3.1] AndroidManifest.xml:29:13-31:52
137                android:name="androidx.profileinstaller.ProfileInstallerInitializer"
137-->[androidx.profileinstaller:profileinstaller:1.3.1] AndroidManifest.xml:30:17-85
138                android:value="androidx.startup" />
138-->[androidx.profileinstaller:profileinstaller:1.3.1] AndroidManifest.xml:31:17-49
139        </provider>
140
141        <receiver
141-->[androidx.profileinstaller:profileinstaller:1.3.1] AndroidManifest.xml:34:9-52:20
142            android:name="androidx.profileinstaller.ProfileInstallReceiver"
142-->[androidx.profileinstaller:profileinstaller:1.3.1] AndroidManifest.xml:35:13-76
143            android:directBootAware="false"
143-->[androidx.profileinstaller:profileinstaller:1.3.1] AndroidManifest.xml:36:13-44
144            android:enabled="true"
144-->[androidx.profileinstaller:profileinstaller:1.3.1] AndroidManifest.xml:37:13-35
145            android:exported="true"
145-->[androidx.profileinstaller:profileinstaller:1.3.1] AndroidManifest.xml:38:13-36
146            android:permission="android.permission.DUMP" >
146-->[androidx.profileinstaller:profileinstaller:1.3.1] AndroidManifest.xml:39:13-57
147            <intent-filter>
147-->[androidx.profileinstaller:profileinstaller:1.3.1] AndroidManifest.xml:40:13-42:29
148                <action android:name="androidx.profileinstaller.action.INSTALL_PROFILE" />
148-->[androidx.profileinstaller:profileinstaller:1.3.1] AndroidManifest.xml:41:17-91
148-->[androidx.profileinstaller:profileinstaller:1.3.1] AndroidManifest.xml:41:25-88
149            </intent-filter>
150            <intent-filter>
150-->[androidx.profileinstaller:profileinstaller:1.3.1] AndroidManifest.xml:43:13-45:29
151                <action android:name="androidx.profileinstaller.action.SKIP_FILE" />
151-->[androidx.profileinstaller:profileinstaller:1.3.1] AndroidManifest.xml:44:17-85
151-->[androidx.profileinstaller:profileinstaller:1.3.1] AndroidManifest.xml:44:25-82
152            </intent-filter>
153            <intent-filter>
153-->[androidx.profileinstaller:profileinstaller:1.3.1] AndroidManifest.xml:46:13-48:29
154                <action android:name="androidx.profileinstaller.action.SAVE_PROFILE" />
154-->[androidx.profileinstaller:profileinstaller:1.3.1] AndroidManifest.xml:47:17-88
154-->[androidx.profileinstaller:profileinstaller:1.3.1] AndroidManifest.xml:47:25-85
155            </intent-filter>
156            <intent-filter>
156-->[androidx.profileinstaller:profileinstaller:1.3.1] AndroidManifest.xml:49:13-51:29
157                <action android:name="androidx.profileinstaller.action.BENCHMARK_OPERATION" />
157-->[androidx.profileinstaller:profileinstaller:1.3.1] AndroidManifest.xml:50:17-95
157-->[androidx.profileinstaller:profileinstaller:1.3.1] AndroidManifest.xml:50:25-92
158            </intent-filter>
159        </receiver>
160    </application>
161
162</manifest>